[0.000][INFO]:      ChromeDriver 23.0.1240.0 /Users/rvasikarla/node_ex/Swetha/TicketFlyAuto/TicketFlyAutomation/src/main/resources/browser_exe/chrome/chromedriver
[0.618][FINE]:      Initializing session with capabilities {
   "browserName": "chrome",
   "chrome.switches": [  ],
   "chromeOptions": {
      "args": [  ],
      "extensions": [  ]
   },
   "platform": "ANY",
   "version": ""
}

[0.618][INFO]:      Launching chrome: /Applications/Google Chrome.app/Contents/MacOS/Google Chrome --enable-logging --log-level=1 --disable-hang-monitor --disable-prompt-on-repost --dom-automation --full-memory-crash-report --no-default-browser-check --no-first-run --disable-background-networking --disable-sync --disable-translate --disable-web-resources --safebrowsing-disable-auto-update --safebrowsing-disable-download-protection --disable-client-side-phishing-detection --disable-component-update --disable-default-apps --use-mock-keychain --ignore-certificate-errors about:blank
[1.148][INFO]:      Connected to Chrome successfully. Version: 25.0.1364.99
[1.168][FINE]:      Command received (/session/cc3d21c2aac6bfbb34641114073156d6)
[1.168][FINE]:      Command finished (/session/cc3d21c2aac6bfbb34641114073156d6) with response {
   "sessionId": "cc3d21c2aac6bfbb34641114073156d6",
   "status": 0,
   "value": {
      "acceptSslCerts": false,
      "applicationCacheEnabled": false,
      "browserConnectionEnabled": false,
      "browserName": "chrome",
      "chrome.chromedriverVersion": "23.0.1240.0",
      "chrome.nativeEvents": false,
      "cssSelectorsEnabled": true,
      "databaseEnabled": false,
      "handlesAlerts": true,
      "javascriptEnabled": true,
      "locationContextEnabled": false,
      "nativeEvents": true,
      "platform": "mac",
      "rotatable": false,
      "takesScreenshot": true,
      "version": "25.0.1364.99",
      "webStorageEnabled": true
   }
}

[1.287][FINE]:      Command received (/session/cc3d21c2aac6bfbb34641114073156d6/url) with params {
   "url": "https://www.google.com/"
}

[1.287][FINER]:     Waiting for all views to stop loading...
[1.288][FINER]:     Done waiting for all views to stop loading
[2.747][FINER]:     Waiting for all views to stop loading...
[2.747][FINER]:     Done waiting for all views to stop loading
[2.747][FINE]:      Command finished (/session/cc3d21c2aac6bfbb34641114073156d6/url) with response {
   "sessionId": "cc3d21c2aac6bfbb34641114073156d6",
   "status": 0,
   "value": {

   }
}

[2.760][FINE]:      Command received (/session/cc3d21c2aac6bfbb34641114073156d6/timeouts/implicit_wait) with params {
   "ms": 10000
}

[2.760][FINER]:     Waiting for all views to stop loading...
[2.761][FINER]:     Done waiting for all views to stop loading
[2.761][FINER]:     Waiting for all views to stop loading...
[2.761][FINER]:     Done waiting for all views to stop loading
[2.761][FINE]:      Command finished (/session/cc3d21c2aac6bfbb34641114073156d6/timeouts/implicit_wait) with response {
   "sessionId": "cc3d21c2aac6bfbb34641114073156d6",
   "status": 0,
   "value": {

   }
}

[2.766][FINE]:      Command received (/session/cc3d21c2aac6bfbb34641114073156d6/element) with params {
   "using": "xpath",
   "value": ".//*[@id='gbqfq']"
}

[2.766][FINER]:     Waiting for all views to stop loading...
[2.766][FINER]:     Done waiting for all views to stop loading
[2.932][FINER]:     Waiting for all views to stop loading...
[2.932][FINER]:     Done waiting for all views to stop loading
[2.932][FINE]:      Command finished (/session/cc3d21c2aac6bfbb34641114073156d6/element) with response {
   "sessionId": "cc3d21c2aac6bfbb34641114073156d6",
   "status": 0,
   "value": {
      "ELEMENT": ":wdc:1361677093418"
   }
}

[2.940][FINE]:      Command received (/session/cc3d21c2aac6bfbb34641114073156d6/element/:wdc:1361677093418/value) with params {
   "id": ":wdc:1361677093418",
   "value": [ "TicketFly" ]
}

[2.940][FINER]:     Waiting for all views to stop loading...
[2.940][FINER]:     Done waiting for all views to stop loading
[3.060][FINER]:     Waiting for all views to stop loading...
[3.061][FINER]:     Done waiting for all views to stop loading
[3.061][FINE]:      Command finished (/session/cc3d21c2aac6bfbb34641114073156d6/element/:wdc:1361677093418/value) with response {
   "sessionId": "cc3d21c2aac6bfbb34641114073156d6",
   "status": 0,
   "value": {

   }
}

[3.063][FINE]:      Command received (/session/cc3d21c2aac6bfbb34641114073156d6/element) with params {
   "using": "xpath",
   "value": ".//*[@id='gbqfq']"
}

[3.063][FINER]:     Waiting for all views to stop loading...
[3.063][FINER]:     Done waiting for all views to stop loading
[3.065][FINER]:     Waiting for all views to stop loading...
[3.066][FINER]:     Done waiting for all views to stop loading
[3.066][FINE]:      Command finished (/session/cc3d21c2aac6bfbb34641114073156d6/element) with response {
   "sessionId": "cc3d21c2aac6bfbb34641114073156d6",
   "status": 0,
   "value": {
      "ELEMENT": ":wdc:1361677093418"
   }
}

[3.069][FINE]:      Command received (/session/cc3d21c2aac6bfbb34641114073156d6/element/:wdc:1361677093418/value) with params {
   "id": ":wdc:1361677093418",
   "value": [ "\uE006" ]
}

[3.069][FINER]:     Waiting for all views to stop loading...
[3.069][FINER]:     Done waiting for all views to stop loading
[3.097][FINER]:     Waiting for all views to stop loading...
[3.097][FINER]:     Done waiting for all views to stop loading
[3.097][FINE]:      Command finished (/session/cc3d21c2aac6bfbb34641114073156d6/element/:wdc:1361677093418/value) with response {
   "sessionId": "cc3d21c2aac6bfbb34641114073156d6",
   "status": 0,
   "value": {

   }
}

[3.104][FINE]:      Command received (/session/cc3d21c2aac6bfbb34641114073156d6/timeouts/implicit_wait) with params {
   "ms": 10000
}

[3.104][FINER]:     Waiting for all views to stop loading...
[3.104][FINER]:     Done waiting for all views to stop loading
[3.104][FINER]:     Waiting for all views to stop loading...
[3.105][FINER]:     Done waiting for all views to stop loading
[3.105][FINE]:      Command finished (/session/cc3d21c2aac6bfbb34641114073156d6/timeouts/implicit_wait) with response {
   "sessionId": "cc3d21c2aac6bfbb34641114073156d6",
   "status": 0,
   "value": {

   }
}

[3.106][FINE]:      Command received (/session/cc3d21c2aac6bfbb34641114073156d6/element) with params {
   "using": "xpath",
   "value": "//*[@id=\"rso\"]/li[1]/div/h3/a/em"
}

[3.106][FINER]:     Waiting for all views to stop loading...
[3.106][FINER]:     Done waiting for all views to stop loading
[3.455][FINER]:     Waiting for all views to stop loading...
[3.455][FINER]:     Done waiting for all views to stop loading
[3.455][FINE]:      Command finished (/session/cc3d21c2aac6bfbb34641114073156d6/element) with response {
   "sessionId": "cc3d21c2aac6bfbb34641114073156d6",
   "status": 0,
   "value": {
      "ELEMENT": ":wdc:1361677093419"
   }
}

[3.458][FINE]:      Command received (/session/cc3d21c2aac6bfbb34641114073156d6/element/:wdc:1361677093419/click) with params {
   "id": ":wdc:1361677093419"
}

[3.458][FINER]:     Waiting for all views to stop loading...
[3.458][FINER]:     Done waiting for all views to stop loading
[3.594][FINER]:     Waiting for all views to stop loading...
[14.279][FINER]:    Done waiting for all views to stop loading
[14.280][FINE]:     Command finished (/session/cc3d21c2aac6bfbb34641114073156d6/element/:wdc:1361677093419/click) with response {
   "sessionId": "cc3d21c2aac6bfbb34641114073156d6",
   "status": 0,
   "value": {

   }
}

[14.288][FINE]:     Command received (/session/cc3d21c2aac6bfbb34641114073156d6/timeouts/implicit_wait) with params {
   "ms": 10000
}

[14.288][FINER]:    Waiting for all views to stop loading...
[14.732][FINER]:    Done waiting for all views to stop loading
[14.732][FINER]:    Waiting for all views to stop loading...
[14.744][FINER]:    Done waiting for all views to stop loading
[14.744][FINE]:     Command finished (/session/cc3d21c2aac6bfbb34641114073156d6/timeouts/implicit_wait) with response {
   "sessionId": "cc3d21c2aac6bfbb34641114073156d6",
   "status": 0,
   "value": {

   }
}

[14.746][FINE]:     Command received (/session/cc3d21c2aac6bfbb34641114073156d6/element) with params {
   "using": "css selector",
   "value": "#q"
}

[14.746][FINER]:    Waiting for all views to stop loading...
[14.759][FINER]:    Done waiting for all views to stop loading
[14.788][FINER]:    Waiting for all views to stop loading...
[14.789][FINER]:    Done waiting for all views to stop loading
[14.789][FINE]:     Command finished (/session/cc3d21c2aac6bfbb34641114073156d6/element) with response {
   "sessionId": "cc3d21c2aac6bfbb34641114073156d6",
   "status": 0,
   "value": {
      "ELEMENT": ":wdc:1361677105273"
   }
}

[14.794][FINE]:     Command received (/session/cc3d21c2aac6bfbb34641114073156d6/element/:wdc:1361677105273/value) with params {
   "id": ":wdc:1361677105273",
   "value": [ "Blackalicious" ]
}

[14.794][FINER]:    Waiting for all views to stop loading...
[14.809][FINER]:    Done waiting for all views to stop loading
[15.221][FINER]:    Waiting for all views to stop loading...
[15.222][FINER]:    Done waiting for all views to stop loading
[15.222][FINE]:     Command finished (/session/cc3d21c2aac6bfbb34641114073156d6/element/:wdc:1361677105273/value) with response {
   "sessionId": "cc3d21c2aac6bfbb34641114073156d6",
   "status": 0,
   "value": {

   }
}

[15.224][FINE]:     Command received (/session/cc3d21c2aac6bfbb34641114073156d6/element) with params {
   "using": "xpath",
   "value": "html/body/div[3]/div/form/fieldset/ol/button"
}

[15.224][FINER]:    Waiting for all views to stop loading...
[15.224][FINER]:    Done waiting for all views to stop loading
[15.236][FINER]:    Waiting for all views to stop loading...
[15.236][FINER]:    Done waiting for all views to stop loading
[15.236][FINE]:     Command finished (/session/cc3d21c2aac6bfbb34641114073156d6/element) with response {
   "sessionId": "cc3d21c2aac6bfbb34641114073156d6",
   "status": 0,
   "value": {
      "ELEMENT": ":wdc:1361677105274"
   }
}

[15.239][FINE]:     Command received (/session/cc3d21c2aac6bfbb34641114073156d6/element/:wdc:1361677105274/click) with params {
   "id": ":wdc:1361677105274"
}

[15.239][FINER]:    Waiting for all views to stop loading...
[15.239][FINER]:    Done waiting for all views to stop loading
[15.306][FINER]:    Waiting for all views to stop loading...
[17.148][FINER]:    Done waiting for all views to stop loading
[17.148][FINE]:     Command finished (/session/cc3d21c2aac6bfbb34641114073156d6/element/:wdc:1361677105274/click) with response {
   "sessionId": "cc3d21c2aac6bfbb34641114073156d6",
   "status": 0,
   "value": {

   }
}

[17.154][FINE]:     Command received (/session/cc3d21c2aac6bfbb34641114073156d6/timeouts/implicit_wait) with params {
   "ms": 10000
}

[17.154][FINER]:    Waiting for all views to stop loading...
[17.167][FINER]:    Done waiting for all views to stop loading
[17.167][FINER]:    Waiting for all views to stop loading...
[17.168][FINER]:    Done waiting for all views to stop loading
[17.168][FINE]:     Command finished (/session/cc3d21c2aac6bfbb34641114073156d6/timeouts/implicit_wait) with response {
   "sessionId": "cc3d21c2aac6bfbb34641114073156d6",
   "status": 0,
   "value": {

   }
}

[17.174][FINE]:     Command received (/session/cc3d21c2aac6bfbb34641114073156d6/element) with params {
   "using": "xpath",
   "value": ".//*[@id='post-7']/div[1]/div/div"
}

[17.174][FINER]:    Waiting for all views to stop loading...
[17.176][FINER]:    Done waiting for all views to stop loading
[17.193][FINER]:    Waiting for all views to stop loading...
[17.193][FINER]:    Done waiting for all views to stop loading
[17.193][FINE]:     Command finished (/session/cc3d21c2aac6bfbb34641114073156d6/element) with response {
   "sessionId": "cc3d21c2aac6bfbb34641114073156d6",
   "status": 0,
   "value": {
      "ELEMENT": ":wdc:1361677107673"
   }
}

[17.195][FINE]:     Command received (/session/cc3d21c2aac6bfbb34641114073156d6/element/:wdc:1361677107673/text)
[17.195][FINER]:    Waiting for all views to stop loading...
[17.196][FINER]:    Done waiting for all views to stop loading
[17.224][FINER]:    Waiting for all views to stop loading...
[17.224][FINER]:    Done waiting for all views to stop loading
[17.224][FINE]:     Command finished (/session/cc3d21c2aac6bfbb34641114073156d6/element/:wdc:1361677107673/text) with response {
   "sessionId": "cc3d21c2aac6bfbb34641114073156d6",
   "status": 0,
   "value": "4 search results for \u201CBlackalicious\u201D"
}

[17.227][FINE]:     Command received (/session/cc3d21c2aac6bfbb34641114073156d6/element) with params {
   "using": "xpath",
   "value": ".//*[@id='post-7']/div[1]/div/ul/li[3]/div[3]/span/a"
}

[17.227][FINER]:    Waiting for all views to stop loading...
[17.227][FINER]:    Done waiting for all views to stop loading
[17.238][FINER]:    Waiting for all views to stop loading...
[17.238][FINER]:    Done waiting for all views to stop loading
[17.238][FINE]:     Command finished (/session/cc3d21c2aac6bfbb34641114073156d6/element) with response {
   "sessionId": "cc3d21c2aac6bfbb34641114073156d6",
   "status": 0,
   "value": {
      "ELEMENT": ":wdc:1361677107674"
   }
}

[17.241][FINE]:     Command received (/session/cc3d21c2aac6bfbb34641114073156d6/element/:wdc:1361677107674/click) with params {
   "id": ":wdc:1361677107674"
}

[17.241][FINER]:    Waiting for all views to stop loading...
[17.241][FINER]:    Done waiting for all views to stop loading
[17.308][FINER]:    Waiting for all views to stop loading...
[20.301][FINER]:    Done waiting for all views to stop loading
[20.301][FINE]:     Command finished (/session/cc3d21c2aac6bfbb34641114073156d6/element/:wdc:1361677107674/click) with response {
   "sessionId": "cc3d21c2aac6bfbb34641114073156d6",
   "status": 0,
   "value": {

   }
}

[20.307][FINE]:     Command received (/session/cc3d21c2aac6bfbb34641114073156d6/timeouts/implicit_wait) with params {
   "ms": 10000
}

[20.307][FINER]:    Waiting for all views to stop loading...
[20.308][FINER]:    Done waiting for all views to stop loading
[20.309][FINER]:    Waiting for all views to stop loading...
[20.309][FINER]:    Done waiting for all views to stop loading
[20.309][FINE]:     Command finished (/session/cc3d21c2aac6bfbb34641114073156d6/timeouts/implicit_wait) with response {
   "sessionId": "cc3d21c2aac6bfbb34641114073156d6",
   "status": 0,
   "value": {

   }
}

[23.313][FINE]:     Command received (/session/cc3d21c2aac6bfbb34641114073156d6/element) with params {
   "using": "xpath",
   "value": ".//*[@id='purchase-header-image']/img"
}

[23.313][FINER]:    Waiting for all views to stop loading...
[23.314][FINER]:    Done waiting for all views to stop loading
[23.326][FINER]:    Waiting for all views to stop loading...
[23.327][FINER]:    Done waiting for all views to stop loading
[23.327][FINE]:     Command finished (/session/cc3d21c2aac6bfbb34641114073156d6/element) with response {
   "sessionId": "cc3d21c2aac6bfbb34641114073156d6",
   "status": 0,
   "value": {
      "ELEMENT": ":wdc:1361677113812"
   }
}

[23.329][FINE]:     Command received (/session/cc3d21c2aac6bfbb34641114073156d6/element/:wdc:1361677113812/click) with params {
   "id": ":wdc:1361677113812"
}

[23.329][FINER]:    Waiting for all views to stop loading...
[23.329][FINER]:    Done waiting for all views to stop loading
[23.376][FINER]:    Waiting for all views to stop loading...
[23.376][FINER]:    Done waiting for all views to stop loading
[23.376][FINE]:     Command finished (/session/cc3d21c2aac6bfbb34641114073156d6/element/:wdc:1361677113812/click) with response {
   "sessionId": "cc3d21c2aac6bfbb34641114073156d6",
   "status": 0,
   "value": {

   }
}

[23.379][FINE]:     Command received (/session/cc3d21c2aac6bfbb34641114073156d6/element) with params {
   "using": "xpath",
   "value": ".//*[@id='productsDiv']/div/div[3]/p/button[2]"
}

[23.379][FINER]:    Waiting for all views to stop loading...
[23.379][FINER]:    Done waiting for all views to stop loading
[23.391][FINER]:    Waiting for all views to stop loading...
[23.391][FINER]:    Done waiting for all views to stop loading
[23.391][FINE]:     Command finished (/session/cc3d21c2aac6bfbb34641114073156d6/element) with response {
   "sessionId": "cc3d21c2aac6bfbb34641114073156d6",
   "status": 0,
   "value": {
      "ELEMENT": ":wdc:1361677113813"
   }
}

[23.393][FINE]:     Command received (/session/cc3d21c2aac6bfbb34641114073156d6/element/:wdc:1361677113813/click) with params {
   "id": ":wdc:1361677113813"
}

[23.394][FINER]:    Waiting for all views to stop loading...
[23.394][FINER]:    Done waiting for all views to stop loading
[23.431][FINER]:    Waiting for all views to stop loading...
[23.441][FINER]:    Done waiting for all views to stop loading
[23.441][FINE]:     Command finished (/session/cc3d21c2aac6bfbb34641114073156d6/element/:wdc:1361677113813/click) with response {
   "sessionId": "cc3d21c2aac6bfbb34641114073156d6",
   "status": 0,
   "value": {

   }
}

[23.443][FINE]:     Command received (/session/cc3d21c2aac6bfbb34641114073156d6/element) with params {
   "using": "xpath",
   "value": ".//*[@id='productsDiv']/div/div[3]/p/button[2]"
}

[23.443][FINER]:    Waiting for all views to stop loading...
[23.443][FINER]:    Done waiting for all views to stop loading
[23.446][FINER]:    Waiting for all views to stop loading...
[23.446][FINER]:    Done waiting for all views to stop loading
[23.446][FINE]:     Command finished (/session/cc3d21c2aac6bfbb34641114073156d6/element) with response {
   "sessionId": "cc3d21c2aac6bfbb34641114073156d6",
   "status": 0,
   "value": {
      "ELEMENT": ":wdc:1361677113813"
   }
}

[23.448][FINE]:     Command received (/session/cc3d21c2aac6bfbb34641114073156d6/element/:wdc:1361677113813/click) with params {
   "id": ":wdc:1361677113813"
}

[23.448][FINER]:    Waiting for all views to stop loading...
[23.448][FINER]:    Done waiting for all views to stop loading
[23.462][FINER]:    Waiting for all views to stop loading...
[23.475][FINER]:    Done waiting for all views to stop loading
[23.475][FINE]:     Command finished (/session/cc3d21c2aac6bfbb34641114073156d6/element/:wdc:1361677113813/click) with response {
   "sessionId": "cc3d21c2aac6bfbb34641114073156d6",
   "status": 0,
   "value": {

   }
}

[23.477][FINE]:     Command received (/session/cc3d21c2aac6bfbb34641114073156d6/element) with params {
   "using": "xpath",
   "value": ".//*[@id='productsDiv']/div/div[3]/p/button[2]"
}

[23.477][FINER]:    Waiting for all views to stop loading...
[23.477][FINER]:    Done waiting for all views to stop loading
[23.480][FINER]:    Waiting for all views to stop loading...
[23.480][FINER]:    Done waiting for all views to stop loading
[23.480][FINE]:     Command finished (/session/cc3d21c2aac6bfbb34641114073156d6/element) with response {
   "sessionId": "cc3d21c2aac6bfbb34641114073156d6",
   "status": 0,
   "value": {
      "ELEMENT": ":wdc:1361677113813"
   }
}

[23.482][FINE]:     Command received (/session/cc3d21c2aac6bfbb34641114073156d6/element/:wdc:1361677113813/click) with params {
   "id": ":wdc:1361677113813"
}

[23.482][FINER]:    Waiting for all views to stop loading...
[23.483][FINER]:    Done waiting for all views to stop loading
[23.495][FINER]:    Waiting for all views to stop loading...
[23.496][FINER]:    Done waiting for all views to stop loading
[23.496][FINE]:     Command finished (/session/cc3d21c2aac6bfbb34641114073156d6/element/:wdc:1361677113813/click) with response {
   "sessionId": "cc3d21c2aac6bfbb34641114073156d6",
   "status": 0,
   "value": {

   }
}

[23.497][FINE]:     Command received (/session/cc3d21c2aac6bfbb34641114073156d6/element) with params {
   "using": "xpath",
   "value": ".//*[@id='productsDiv']/div/div[3]/p/button[2]"
}

[23.497][FINER]:    Waiting for all views to stop loading...
[23.508][FINER]:    Done waiting for all views to stop loading
[23.510][FINER]:    Waiting for all views to stop loading...
[23.511][FINER]:    Done waiting for all views to stop loading
[23.511][FINE]:     Command finished (/session/cc3d21c2aac6bfbb34641114073156d6/element) with response {
   "sessionId": "cc3d21c2aac6bfbb34641114073156d6",
   "status": 0,
   "value": {
      "ELEMENT": ":wdc:1361677113813"
   }
}

[23.513][FINE]:     Command received (/session/cc3d21c2aac6bfbb34641114073156d6/element/:wdc:1361677113813/click) with params {
   "id": ":wdc:1361677113813"
}

[23.513][FINER]:    Waiting for all views to stop loading...
[23.513][FINER]:    Done waiting for all views to stop loading
[23.527][FINER]:    Waiting for all views to stop loading...
[23.543][FINER]:    Done waiting for all views to stop loading
[23.543][FINE]:     Command finished (/session/cc3d21c2aac6bfbb34641114073156d6/element/:wdc:1361677113813/click) with response {
   "sessionId": "cc3d21c2aac6bfbb34641114073156d6",
   "status": 0,
   "value": {

   }
}

[23.545][FINE]:     Command received (/session/cc3d21c2aac6bfbb34641114073156d6/element) with params {
   "using": "xpath",
   "value": ".//*[@id='productsDiv']/div/div[3]/p/button[2]"
}

[23.545][FINER]:    Waiting for all views to stop loading...
[23.545][FINER]:    Done waiting for all views to stop loading
[23.548][FINER]:    Waiting for all views to stop loading...
[23.548][FINER]:    Done waiting for all views to stop loading
[23.548][FINE]:     Command finished (/session/cc3d21c2aac6bfbb34641114073156d6/element) with response {
   "sessionId": "cc3d21c2aac6bfbb34641114073156d6",
   "status": 0,
   "value": {
      "ELEMENT": ":wdc:1361677113813"
   }
}

[23.550][FINE]:     Command received (/session/cc3d21c2aac6bfbb34641114073156d6/element/:wdc:1361677113813/click) with params {
   "id": ":wdc:1361677113813"
}

[23.550][FINER]:    Waiting for all views to stop loading...
[23.551][FINER]:    Done waiting for all views to stop loading
[23.561][FINER]:    Waiting for all views to stop loading...
[23.562][FINER]:    Done waiting for all views to stop loading
[23.562][FINE]:     Command finished (/session/cc3d21c2aac6bfbb34641114073156d6/element/:wdc:1361677113813/click) with response {
   "sessionId": "cc3d21c2aac6bfbb34641114073156d6",
   "status": 0,
   "value": {

   }
}

[23.564][FINE]:     Command received (/session/cc3d21c2aac6bfbb34641114073156d6/element) with params {
   "using": "xpath",
   "value": ".//*[@id='productsDiv']/div/div[3]/p/button[2]"
}

[23.564][FINER]:    Waiting for all views to stop loading...
[23.574][FINER]:    Done waiting for all views to stop loading
[23.577][FINER]:    Waiting for all views to stop loading...
[23.577][FINER]:    Done waiting for all views to stop loading
[23.577][FINE]:     Command finished (/session/cc3d21c2aac6bfbb34641114073156d6/element) with response {
   "sessionId": "cc3d21c2aac6bfbb34641114073156d6",
   "status": 0,
   "value": {
      "ELEMENT": ":wdc:1361677113813"
   }
}

[23.579][FINE]:     Command received (/session/cc3d21c2aac6bfbb34641114073156d6/element/:wdc:1361677113813/click) with params {
   "id": ":wdc:1361677113813"
}

[23.579][FINER]:    Waiting for all views to stop loading...
[23.580][FINER]:    Done waiting for all views to stop loading
[23.592][FINER]:    Waiting for all views to stop loading...
[23.592][FINER]:    Done waiting for all views to stop loading
[23.593][FINE]:     Command finished (/session/cc3d21c2aac6bfbb34641114073156d6/element/:wdc:1361677113813/click) with response {
   "sessionId": "cc3d21c2aac6bfbb34641114073156d6",
   "status": 0,
   "value": {

   }
}

[23.595][FINE]:     Command received (/session/cc3d21c2aac6bfbb34641114073156d6/element) with params {
   "using": "xpath",
   "value": ".//*[@id='productsDiv']/div/div[3]/p/button[2]"
}

[23.595][FINER]:    Waiting for all views to stop loading...
[23.608][FINER]:    Done waiting for all views to stop loading
[23.611][FINER]:    Waiting for all views to stop loading...
[23.611][FINER]:    Done waiting for all views to stop loading
[23.611][FINE]:     Command finished (/session/cc3d21c2aac6bfbb34641114073156d6/element) with response {
   "sessionId": "cc3d21c2aac6bfbb34641114073156d6",
   "status": 0,
   "value": {
      "ELEMENT": ":wdc:1361677113813"
   }
}

[23.613][FINE]:     Command received (/session/cc3d21c2aac6bfbb34641114073156d6/element/:wdc:1361677113813/click) with params {
   "id": ":wdc:1361677113813"
}

[23.613][FINER]:    Waiting for all views to stop loading...
[23.614][FINER]:    Done waiting for all views to stop loading
[23.628][FINER]:    Waiting for all views to stop loading...
[23.641][FINER]:    Done waiting for all views to stop loading
[23.641][FINE]:     Command finished (/session/cc3d21c2aac6bfbb34641114073156d6/element/:wdc:1361677113813/click) with response {
   "sessionId": "cc3d21c2aac6bfbb34641114073156d6",
   "status": 0,
   "value": {

   }
}

[23.642][FINE]:     Command received (/session/cc3d21c2aac6bfbb34641114073156d6/element) with params {
   "using": "xpath",
   "value": ".//*[@id='productsDiv']/div/div[3]/p/button[2]"
}

[23.642][FINER]:    Waiting for all views to stop loading...
[23.643][FINER]:    Done waiting for all views to stop loading
[23.646][FINER]:    Waiting for all views to stop loading...
[23.646][FINER]:    Done waiting for all views to stop loading
[23.646][FINE]:     Command finished (/session/cc3d21c2aac6bfbb34641114073156d6/element) with response {
   "sessionId": "cc3d21c2aac6bfbb34641114073156d6",
   "status": 0,
   "value": {
      "ELEMENT": ":wdc:1361677113813"
   }
}

[23.648][FINE]:     Command received (/session/cc3d21c2aac6bfbb34641114073156d6/element/:wdc:1361677113813/click) with params {
   "id": ":wdc:1361677113813"
}

[23.648][FINER]:    Waiting for all views to stop loading...
[23.648][FINER]:    Done waiting for all views to stop loading
[23.660][FINER]:    Waiting for all views to stop loading...
[23.660][FINER]:    Done waiting for all views to stop loading
[23.660][FINE]:     Command finished (/session/cc3d21c2aac6bfbb34641114073156d6/element/:wdc:1361677113813/click) with response {
   "sessionId": "cc3d21c2aac6bfbb34641114073156d6",
   "status": 0,
   "value": {

   }
}

[23.662][FINE]:     Command received (/session/cc3d21c2aac6bfbb34641114073156d6/element) with params {
   "using": "xpath",
   "value": ".//*[@id='productsDiv']/div/div[3]/p/button[2]"
}

[23.662][FINER]:    Waiting for all views to stop loading...
[23.674][FINER]:    Done waiting for all views to stop loading
[23.677][FINER]:    Waiting for all views to stop loading...
[23.677][FINER]:    Done waiting for all views to stop loading
[23.677][FINE]:     Command finished (/session/cc3d21c2aac6bfbb34641114073156d6/element) with response {
   "sessionId": "cc3d21c2aac6bfbb34641114073156d6",
   "status": 0,
   "value": {
      "ELEMENT": ":wdc:1361677113813"
   }
}

[23.679][FINE]:     Command received (/session/cc3d21c2aac6bfbb34641114073156d6/element/:wdc:1361677113813/click) with params {
   "id": ":wdc:1361677113813"
}

[23.679][FINER]:    Waiting for all views to stop loading...
[23.679][FINER]:    Done waiting for all views to stop loading
[23.691][FINER]:    Waiting for all views to stop loading...
[23.708][FINER]:    Done waiting for all views to stop loading
[23.708][FINE]:     Command finished (/session/cc3d21c2aac6bfbb34641114073156d6/element/:wdc:1361677113813/click) with response {
   "sessionId": "cc3d21c2aac6bfbb34641114073156d6",
   "status": 0,
   "value": {

   }
}

[23.710][FINE]:     Command received (/session/cc3d21c2aac6bfbb34641114073156d6/element) with params {
   "using": "xpath",
   "value": ".//*[@id='bestSeats']"
}

[23.710][FINER]:    Waiting for all views to stop loading...
[23.710][FINER]:    Done waiting for all views to stop loading
[23.723][FINER]:    Waiting for all views to stop loading...
[23.723][FINER]:    Done waiting for all views to stop loading
[23.723][FINE]:     Command finished (/session/cc3d21c2aac6bfbb34641114073156d6/element) with response {
   "sessionId": "cc3d21c2aac6bfbb34641114073156d6",
   "status": 0,
   "value": {
      "ELEMENT": ":wdc:1361677113814"
   }
}

[23.726][FINE]:     Command received (/session/cc3d21c2aac6bfbb34641114073156d6/element/:wdc:1361677113814/click) with params {
   "id": ":wdc:1361677113814"
}

[23.726][FINER]:    Waiting for all views to stop loading...
[23.726][FINER]:    Done waiting for all views to stop loading
[23.769][FINER]:    Waiting for all views to stop loading...
[25.681][FINER]:    Done waiting for all views to stop loading
[25.681][FINE]:     Command finished (/session/cc3d21c2aac6bfbb34641114073156d6/element/:wdc:1361677113814/click) with response {
   "sessionId": "cc3d21c2aac6bfbb34641114073156d6",
   "status": 0,
   "value": {

   }
}

[25.687][FINE]:     Command received (/session/cc3d21c2aac6bfbb34641114073156d6/timeouts/implicit_wait) with params {
   "ms": 10000
}

[25.687][FINER]:    Waiting for all views to stop loading...
[25.699][FINER]:    Done waiting for all views to stop loading
[25.699][FINER]:    Waiting for all views to stop loading...
[25.700][FINER]:    Done waiting for all views to stop loading
[25.700][FINE]:     Command finished (/session/cc3d21c2aac6bfbb34641114073156d6/timeouts/implicit_wait) with response {
   "sessionId": "cc3d21c2aac6bfbb34641114073156d6",
   "status": 0,
   "value": {

   }
}

[25.702][FINE]:     Command received (/session/cc3d21c2aac6bfbb34641114073156d6/element) with params {
   "using": "xpath",
   "value": ".//*[@id='wrapper']/section[2]/form/div/div/section[2]/div[1]/div[5]/label"
}

[25.702][FINER]:    Waiting for all views to stop loading...
[25.702][FINER]:    Done waiting for all views to stop loading
[25.712][FINER]:    Waiting for all views to stop loading...
[25.713][FINER]:    Done waiting for all views to stop loading
[25.713][FINE]:     Command finished (/session/cc3d21c2aac6bfbb34641114073156d6/element) with response {
   "sessionId": "cc3d21c2aac6bfbb34641114073156d6",
   "status": 0,
   "value": {
      "ELEMENT": ":wdc:1361677116198"
   }
}

[25.715][FINE]:     Command received (/session/cc3d21c2aac6bfbb34641114073156d6/element/:wdc:1361677116198/click) with params {
   "id": ":wdc:1361677116198"
}

[25.715][FINER]:    Waiting for all views to stop loading...
[25.716][FINER]:    Done waiting for all views to stop loading
[25.747][WARNING]:  Element's descendant would receive the click. Consider clicking the descendant instead. Descendant: <p style="margin-bottom: 0px;">...</p>
[25.854][FINER]:    Waiting for all views to stop loading...
[25.854][FINER]:    Done waiting for all views to stop loading
[25.854][FINE]:     Command finished (/session/cc3d21c2aac6bfbb34641114073156d6/element/:wdc:1361677116198/click) with response {
   "sessionId": "cc3d21c2aac6bfbb34641114073156d6",
   "status": 0,
   "value": {

   }
}

[25.862][FINE]:     Command received (/session/cc3d21c2aac6bfbb34641114073156d6/element) with params {
   "using": "xpath",
   "value": ".//*[@id='update']"
}

[25.862][FINER]:    Waiting for all views to stop loading...
[25.878][FINER]:    Done waiting for all views to stop loading
[25.889][FINER]:    Waiting for all views to stop loading...
[25.889][FINER]:    Done waiting for all views to stop loading
[25.889][FINE]:     Command finished (/session/cc3d21c2aac6bfbb34641114073156d6/element) with response {
   "sessionId": "cc3d21c2aac6bfbb34641114073156d6",
   "status": 0,
   "value": {
      "ELEMENT": ":wdc:1361677116199"
   }
}

[25.892][FINE]:     Command received (/session/cc3d21c2aac6bfbb34641114073156d6/element/:wdc:1361677116199/click) with params {
   "id": ":wdc:1361677116199"
}

[25.892][FINER]:    Waiting for all views to stop loading...
[25.892][FINER]:    Done waiting for all views to stop loading
[25.948][FINER]:    Waiting for all views to stop loading...
[25.948][FINER]:    Done waiting for all views to stop loading
[25.948][FINE]:     Command finished (/session/cc3d21c2aac6bfbb34641114073156d6/element/:wdc:1361677116199/click) with response {
   "sessionId": "cc3d21c2aac6bfbb34641114073156d6",
   "status": 0,
   "value": {

   }
}

[25.954][FINE]:     Command received (/session/cc3d21c2aac6bfbb34641114073156d6/timeouts/implicit_wait) with params {
   "ms": 10000
}

[25.954][FINER]:    Waiting for all views to stop loading...
[25.954][FINER]:    Done waiting for all views to stop loading
[25.954][FINER]:    Waiting for all views to stop loading...
[25.955][FINER]:    Done waiting for all views to stop loading
[25.955][FINE]:     Command finished (/session/cc3d21c2aac6bfbb34641114073156d6/timeouts/implicit_wait) with response {
   "sessionId": "cc3d21c2aac6bfbb34641114073156d6",
   "status": 0,
   "value": {

   }
}

[25.957][FINE]:     Command received (/session/cc3d21c2aac6bfbb34641114073156d6/element) with params {
   "using": "xpath",
   "value": ".//*[@id='offersSection']/footer/div/input"
}

[25.957][FINER]:    Waiting for all views to stop loading...
[25.957][FINER]:    Done waiting for all views to stop loading
[27.015][FINER]:    Waiting for all views to stop loading...
[27.148][FINER]:    Done waiting for all views to stop loading
[27.148][FINE]:     Command finished (/session/cc3d21c2aac6bfbb34641114073156d6/element) with response {
   "sessionId": "cc3d21c2aac6bfbb34641114073156d6",
   "status": 0,
   "value": {
      "ELEMENT": ":wdc:1361677117497"
   }
}

[27.153][FINE]:     Command received (/session/cc3d21c2aac6bfbb34641114073156d6/element/:wdc:1361677117497/click) with params {
   "id": ":wdc:1361677117497"
}

[27.153][FINER]:    Waiting for all views to stop loading...
[27.153][FINER]:    Done waiting for all views to stop loading
[27.283][FINER]:    Waiting for all views to stop loading...
[30.240][FINER]:    Done waiting for all views to stop loading
[30.240][FINE]:     Command finished (/session/cc3d21c2aac6bfbb34641114073156d6/element/:wdc:1361677117497/click) with response {
   "sessionId": "cc3d21c2aac6bfbb34641114073156d6",
   "status": 0,
   "value": {

   }
}

[30.247][FINE]:     Command received (/session/cc3d21c2aac6bfbb34641114073156d6/window_handles)
[30.248][FINER]:    Waiting for all views to stop loading...
[30.248][FINER]:    Done waiting for all views to stop loading
[30.248][FINER]:    Waiting for all views to stop loading...
[30.249][FINER]:    Done waiting for all views to stop loading
[30.249][FINE]:     Command finished (/session/cc3d21c2aac6bfbb34641114073156d6/window_handles) with response {
   "sessionId": "cc3d21c2aac6bfbb34641114073156d6",
   "status": 0,
   "value": [ "f1-2" ]
}

[30.255][FINE]:     Command received (/session/cc3d21c2aac6bfbb34641114073156d6/frame) with params {
   "id": 1
}

[30.255][FINER]:    Waiting for all views to stop loading...
[30.255][FINER]:    Done waiting for all views to stop loading
[30.316][FINER]:    Waiting for all views to stop loading...
[30.344][FINER]:    Done waiting for all views to stop loading
[30.344][FINE]:     Command finished (/session/cc3d21c2aac6bfbb34641114073156d6/frame) with response {
   "sessionId": "cc3d21c2aac6bfbb34641114073156d6",
   "status": 0,
   "value": {

   }
}

[30.346][FINE]:     Command received (/session/cc3d21c2aac6bfbb34641114073156d6/title)
[30.346][FINER]:    Waiting for all views to stop loading...
[30.346][FINER]:    Done waiting for all views to stop loading
[30.352][FINER]:    Waiting for all views to stop loading...
[30.352][FINER]:    Done waiting for all views to stop loading
[30.352][FINE]:     Command finished (/session/cc3d21c2aac6bfbb34641114073156d6/title) with response {
   "sessionId": "cc3d21c2aac6bfbb34641114073156d6",
   "status": 0,
   "value": "BLACKALICIOUS - Tickets - Crescent Ballroom - Phoenix, AZ, March 30, 2013 | Ticketfly"
}

[30.354][FINE]:     Command received (/session/cc3d21c2aac6bfbb34641114073156d6/element) with params {
   "using": "xpath",
   "value": ".//*[@id='email']"
}

[30.354][FINER]:    Waiting for all views to stop loading...
[30.354][FINER]:    Done waiting for all views to stop loading
[30.372][FINER]:    Waiting for all views to stop loading...
[30.372][FINER]:    Done waiting for all views to stop loading
[30.372][FINE]:     Command finished (/session/cc3d21c2aac6bfbb34641114073156d6/element) with response {
   "sessionId": "cc3d21c2aac6bfbb34641114073156d6",
   "status": 0,
   "value": {
      "ELEMENT": ":wdc:1361677120858"
   }
}

[30.375][FINE]:     Command received (/session/cc3d21c2aac6bfbb34641114073156d6/element/:wdc:1361677120858/value) with params {
   "id": ":wdc:1361677120858",
   "value": [ "sample@sample.com" ]
}

[30.375][FINER]:    Waiting for all views to stop loading...
[30.375][FINER]:    Done waiting for all views to stop loading
[30.719][FINER]:    Waiting for all views to stop loading...
[30.720][FINER]:    Done waiting for all views to stop loading
[30.720][FINE]:     Command finished (/session/cc3d21c2aac6bfbb34641114073156d6/element/:wdc:1361677120858/value) with response {
   "sessionId": "cc3d21c2aac6bfbb34641114073156d6",
   "status": 0,
   "value": {

   }
}

[30.721][FINE]:     Command received (/session/cc3d21c2aac6bfbb34641114073156d6/element) with params {
   "using": "xpath",
   "value": ".//*[@id='password']"
}

[30.721][FINER]:    Waiting for all views to stop loading...
[30.722][FINER]:    Done waiting for all views to stop loading
[30.733][FINER]:    Waiting for all views to stop loading...
[30.733][FINER]:    Done waiting for all views to stop loading
[30.733][FINE]:     Command finished (/session/cc3d21c2aac6bfbb34641114073156d6/element) with response {
   "sessionId": "cc3d21c2aac6bfbb34641114073156d6",
   "status": 0,
   "value": {
      "ELEMENT": ":wdc:1361677120859"
   }
}

[30.735][FINE]:     Command received (/session/cc3d21c2aac6bfbb34641114073156d6/element/:wdc:1361677120859/value) with params {
   "id": ":wdc:1361677120859",
   "value": [ "sample" ]
}

[30.735][FINER]:    Waiting for all views to stop loading...
[30.735][FINER]:    Done waiting for all views to stop loading
[30.934][FINER]:    Waiting for all views to stop loading...
[30.934][FINER]:    Done waiting for all views to stop loading
[30.934][FINE]:     Command finished (/session/cc3d21c2aac6bfbb34641114073156d6/element/:wdc:1361677120859/value) with response {
   "sessionId": "cc3d21c2aac6bfbb34641114073156d6",
   "status": 0,
   "value": {

   }
}

[30.936][FINE]:     Command received (/session/cc3d21c2aac6bfbb34641114073156d6/element) with params {
   "using": "xpath",
   "value": "//*[@id=\"signInButton\"]/input"
}

[30.936][FINER]:    Waiting for all views to stop loading...
[30.937][FINER]:    Done waiting for all views to stop loading
[30.949][FINER]:    Waiting for all views to stop loading...
[30.950][FINER]:    Done waiting for all views to stop loading
[30.950][FINE]:     Command finished (/session/cc3d21c2aac6bfbb34641114073156d6/element) with response {
   "sessionId": "cc3d21c2aac6bfbb34641114073156d6",
   "status": 0,
   "value": {
      "ELEMENT": ":wdc:1361677120860"
   }
}

[30.952][FINE]:     Command received (/session/cc3d21c2aac6bfbb34641114073156d6/element/:wdc:1361677120860/click) with params {
   "id": ":wdc:1361677120860"
}

[30.952][FINER]:    Waiting for all views to stop loading...
[30.952][FINER]:    Done waiting for all views to stop loading
[31.018][FINER]:    Waiting for all views to stop loading...
[31.776][FINER]:    Done waiting for all views to stop loading
[31.776][FINE]:     Command finished (/session/cc3d21c2aac6bfbb34641114073156d6/element/:wdc:1361677120860/click) with response {
   "sessionId": "cc3d21c2aac6bfbb34641114073156d6",
   "status": 0,
   "value": {

   }
}

[31.780][FINE]:     Command received (/session/cc3d21c2aac6bfbb34641114073156d6/timeouts/implicit_wait) with params {
   "ms": 10000
}

[31.780][FINER]:    Waiting for all views to stop loading...
[31.800][FINER]:    Done waiting for all views to stop loading
[31.805][FINER]:    Waiting for all views to stop loading...
[31.824][FINER]:    Done waiting for all views to stop loading
[31.824][FINE]:     Command finished (/session/cc3d21c2aac6bfbb34641114073156d6/timeouts/implicit_wait) with response {
   "sessionId": "cc3d21c2aac6bfbb34641114073156d6",
   "status": 0,
   "value": {

   }
}

[34.827][FINE]:     Command received (/session/cc3d21c2aac6bfbb34641114073156d6/url)
[34.827][FINER]:    Waiting for all views to stop loading...
[34.827][FINER]:    Done waiting for all views to stop loading
[34.832][FINER]:    Waiting for all views to stop loading...
[34.832][FINER]:    Done waiting for all views to stop loading
[34.832][FINE]:     Command finished (/session/cc3d21c2aac6bfbb34641114073156d6/url) with response {
   "sessionId": "cc3d21c2aac6bfbb34641114073156d6",
   "status": 0,
   "value": "https://www.ticketfly.com/purchase/payment"
}

[34.848][FINE]:     Command received (/session/cc3d21c2aac6bfbb34641114073156d6)
[34.958][INFO]:     Chrome shutdown
